# JRE version: Java(TM) SE Runtime Environment (8.0_66-b17) (build 1.8.0_66-b17)
# Java VM: Java HotSpot(TM) 64-Bit Server VM (25.66-b17 mixed mode linux-amd64 compressed oops)
Heap:
 PSYoungGen      total 295424K, used 0K [0x00000000e0000000, 0x0000000100000000, 0x0000000100000000)
  eden space 187392K, 0% used [0x00000000e0000000,0x00000000e0000000,0x00000000eb700000)
  from space 108032K, 0% used [0x00000000eb700000,0x00000000eb700000,0x00000000f2080000)
  to   space 173056K, 0% used [0x00000000f5700000,0x00000000f5700000,0x0000000100000000)
 ParOldGen       total 586240K, used 447149K [0x00000000a0000000, 0x00000000c3c80000, 0x00000000e0000000)
  object space 586240K, 76% used [0x00000000a0000000,0x00000000bb4ab5d8,0x00000000c3c80000)
 Metaspace       used 93740K, capacity 99716K, committed 101120K, reserved 1136640K
  class space    used 12143K, capacity 12999K, committed 13312K, reserved 1048576K
GC Heap History (10 events):
Event: 4943,967 GC heap after
Heap after GC invocations=110 (full 25):
 PSYoungGen      total 368640K, used 41568K [0x00000000e0000000, 0x00000000ff080000, 0x0000000100000000)
  eden space 235008K, 0% used [0x00000000e0000000,0x00000000e0000000,0x00000000ee580000)
  from space 133632K, 31% used [0x00000000ee580000,0x00000000f0e18000,0x00000000f6800000)
  to   space 126976K, 0% used [0x00000000f7480000,0x00000000f7480000,0x00000000ff080000)
 ParOldGen       total 586240K, used 388414K [0x00000000a0000000, 0x00000000c3c80000, 0x00000000e0000000)
  object space 586240K, 66% used [0x00000000a0000000,0x00000000b7b4fa90,0x00000000c3c80000)
 Metaspace       used 94601K, capacity 100902K, committed 101120K, reserved 1136640K
  class space    used 12301K, capacity 13261K, committed 13312K, reserved 1048576K
}
Event: 4944,819 GC heap before
{Heap before GC invocations=111 (full 25):
 PSYoungGen      total 368640K, used 276576K [0x00000000e0000000, 0x00000000ff080000, 0x0000000100000000)
  eden space 235008K, 100% used [0x00000000e0000000,0x00000000ee580000,0x00000000ee580000)
  from space 133632K, 31% used [0x00000000ee580000,0x00000000f0e18000,0x00000000f6800000)
  to   space 126976K, 0% used [0x00000000f7480000,0x00000000f7480000,0x00000000ff080000)
 ParOldGen       total 586240K, used 388414K [0x00000000a0000000, 0x00000000c3c80000, 0x00000000e0000000)
  object space 586240K, 66% used [0x00000000a0000000,0x00000000b7b4fa90,0x00000000c3c80000)
 Metaspace       used 94603K, capacity 100902K, committed 101120K, reserved 1136640K
  class space    used 12301K, capacity 13261K, committed 13312K, reserved 1048576K
Event: 4945,010 GC heap after
Heap after GC invocations=111 (full 25):
 PSYoungGen      total 376832K, used 83360K [0x00000000e0000000, 0x00000000ffa00000, 0x0000000100000000)
  eden space 249856K, 0% used [0x00000000e0000000,0x00000000e0000000,0x00000000ef400000)
  from space 126976K, 65% used [0x00000000f7480000,0x00000000fc5e8000,0x00000000ff080000)
  to   space 131584K, 0% used [0x00000000ef400000,0x00000000ef400000,0x00000000f7480000)
 ParOldGen       total 586240K, used 388414K [0x00000000a0000000, 0x00000000c3c80000, 0x00000000e0000000)
  object space 586240K, 66% used [0x00000000a0000000,0x00000000b7b4fa90,0x00000000c3c80000)
 Metaspace       used 94603K, capacity 100902K, committed 101120K, reserved 1136640K
  class space    used 12301K, capacity 13261K, committed 13312K, reserved 1048576K
}
Event: 4945,367 GC heap before
{Heap before GC invocations=112 (full 25):
 PSYoungGen      total 376832K, used 333216K [0x00000000e0000000, 0x00000000ffa00000, 0x0000000100000000)
  eden space 249856K, 100% used [0x00000000e0000000,0x00000000ef400000,0x00000000ef400000)
  from space 126976K, 65% used [0x00000000f7480000,0x00000000fc5e8000,0x00000000ff080000)
  to   space 131584K, 0% used [0x00000000ef400000,0x00000000ef400000,0x00000000f7480000)
 ParOldGen       total 586240K, used 388414K [0x00000000a0000000, 0x00000000c3c80000, 0x00000000e0000000)
  object space 586240K, 66% used [0x00000000a0000000,0x00000000b7b4fa90,0x00000000c3c80000)
 Metaspace       used 94603K, capacity 100902K, committed 101120K, reserved 1136640K
  class space    used 12301K, capacity 13261K, committed 13312K, reserved 1048576K
Event: 4945,590 GC heap after
Heap after GC invocations=112 (full 25):
 PSYoungGen      total 377856K, used 127680K [0x00000000e0000000, 0x0000000100000000, 0x0000000100000000)
  eden space 249856K, 0% used [0x00000000e0000000,0x00000000e0000000,0x00000000ef400000)
  from space 128000K, 99% used [0x00000000ef400000,0x00000000f70b0000,0x00000000f7100000)
  to   space 146432K, 0% used [0x00000000f7100000,0x00000000f7100000,0x0000000100000000)
 ParOldGen       total 586240K, used 388414K [0x00000000a0000000, 0x00000000c3c80000, 0x00000000e0000000)
  object space 586240K, 66% used [0x00000000a0000000,0x00000000b7b4fa90,0x00000000c3c80000)
 Metaspace       used 94603K, capacity 100902K, committed 101120K, reserved 1136640K
  class space    used 12301K, capacity 13261K, committed 13312K, reserved 1048576K
}
Event: 4945,951 GC heap before
{Heap before GC invocations=113 (full 25):
 PSYoungGen      total 377856K, used 377536K [0x00000000e0000000, 0x0000000100000000, 0x0000000100000000)
  eden space 249856K, 100% used [0x00000000e0000000,0x00000000ef400000,0x00000000ef400000)
  from space 128000K, 99% used [0x00000000ef400000,0x00000000f70b0000,0x00000000f7100000)
  to   space 146432K, 0% used [0x00000000f7100000,0x00000000f7100000,0x0000000100000000)
 ParOldGen       total 586240K, used 388414K [0x00000000a0000000, 0x00000000c3c80000, 0x00000000e0000000)
  object space 586240K, 66% used [0x00000000a0000000,0x00000000b7b4fa90,0x00000000c3c80000)
 Metaspace       used 94603K, capacity 100902K, committed 101120K, reserved 1136640K
  class space    used 12301K, capacity 13261K, committed 13312K, reserved 1048576K
Event: 4949,730 GC heap after
Heap after GC invocations=113 (full 25):
 PSYoungGen      total 333824K, used 130688K [0x00000000e0000000, 0x0000000100000000, 0x0000000100000000)
  eden space 187392K, 0% used [0x00000000e0000000,0x00000000e0000000,0x00000000eb700000)
  from space 146432K, 89% used [0x00000000f7100000,0x00000000ff0a0000,0x0000000100000000)
  to   space 168448K, 0% used [0x00000000eb700000,0x00000000eb700000,0x00000000f5b80000)
 ParOldGen       total 586240K, used 430070K [0x00000000a0000000, 0x00000000c3c80000, 0x00000000e0000000)
  object space 586240K, 73% used [0x00000000a0000000,0x00000000ba3fda90,0x00000000c3c80000)
 Metaspace       used 94603K, capacity 100902K, committed 101120K, reserved 1136640K
  class space    used 12301K, capacity 13261K, committed 13312K, reserved 1048576K
}
Event: 4950,335 GC heap before
{Heap before GC invocations=114 (full 25):
 PSYoungGen      total 333824K, used 318080K [0x00000000e0000000, 0x0000000100000000, 0x0000000100000000)
  eden space 187392K, 100% used [0x00000000e0000000,0x00000000eb700000,0x00000000eb700000)
  from space 146432K, 89% used [0x00000000f7100000,0x00000000ff0a0000,0x0000000100000000)
  to   space 168448K, 0% used [0x00000000eb700000,0x00000000eb700000,0x00000000f5b80000)
 ParOldGen       total 586240K, used 430070K [0x00000000a0000000, 0x00000000c3c80000, 0x00000000e0000000)
  object space 586240K, 73% used [0x00000000a0000000,0x00000000ba3fda90,0x00000000c3c80000)
 Metaspace       used 94604K, capacity 100902K, committed 101120K, reserved 1136640K
  class space    used 12301K, capacity 13261K, committed 13312K, reserved 1048576K
Event: 5089,444 GC heap after
Heap after GC invocations=114 (full 25):
 PSYoungGen      total 295424K, used 107808K [0x00000000e0000000, 0x0000000100000000, 0x0000000100000000)
  eden space 187392K, 0% used [0x00000000e0000000,0x00000000e0000000,0x00000000eb700000)
  from space 108032K, 99% used [0x00000000eb700000,0x00000000f2048000,0x00000000f2080000)
  to   space 173056K, 0% used [0x00000000f5700000,0x00000000f5700000,0x0000000100000000)
 ParOldGen       total 586240K, used 516438K [0x00000000a0000000, 0x00000000c3c80000, 0x00000000e0000000)
  object space 586240K, 88% used [0x00000000a0000000,0x00000000bf855a90,0x00000000c3c80000)
 Metaspace       used 94604K, capacity 100902K, committed 101120K, reserved 1136640K
  class space    used 12301K, capacity 13261K, committed 13312K, reserved 1048576K
}
Event: 5092,634 GC heap before
{Heap before GC invocations=115 (full 26):
 PSYoungGen      total 295424K, used 107808K [0x00000000e0000000, 0x0000000100000000, 0x0000000100000000)
  eden space 187392K, 0% used [0x00000000e0000000,0x00000000e0000000,0x00000000eb700000)
  from space 108032K, 99% used [0x00000000eb700000,0x00000000f2048000,0x00000000f2080000)
  to   space 173056K, 0% used [0x00000000f5700000,0x00000000f5700000,0x0000000100000000)
 ParOldGen       total 586240K, used 516438K [0x00000000a0000000, 0x00000000c3c80000, 0x00000000e0000000)
  object space 586240K, 88% used [0x00000000a0000000,0x00000000bf855a90,0x00000000c3c80000)
 Metaspace       used 94604K, capacity 100902K, committed 101120K, reserved 1136640K
  class space    used 12301K, capacity 13261K, committed 13312K, reserved 1048576K

